

2017-11-7 10:30:00
周数: 7	星期: 2	下一节课: 4
没有需要提醒的课程


2017-11-7 11:30:00
周数: 7	星期: 2	下一节课: 4
没有需要提醒的课程


2017-11-7 12:30:00
周数: 7	星期: 2	下一节课: 6
96414	工业生产过程
96600	模拟电路设计
95416	英语(ELC1)
95452	英语(ELC2)
95963	游泳


2017-11-7 13:30:00
周数: 7	星期: 2	下一节课: 6
96414	工业生产过程
96600	模拟电路设计
95416	英语(ELC1)
95452	英语(ELC2)
95963	游泳


2017-11-7 14:30:00
周数: 7	星期: 2	下一节课: 7
没有需要提醒的课程


2017-11-7 15:30:00
周数: 7	星期: 2	下一节课: 8
95407	英语(ELC1)
97119	管乐器介绍及管乐艺术鉴赏
96088	马克思主义基本原理
96324	国际经济法学
15yqdai	95432	英语(ELC1)
96961	编译原理
15cthuang	96496	管理学概论
96962	编译原理
96309	武术(5)
96118	毛泽东思想和中国特色社会主义理论体系概论
96598	嵌入式系统及应用
15ymduan	96678	工程设计导论


2017-11-7 16:30:00
周数: 7	星期: 2	下一节课: 9
没有需要提醒的课程


2017-11-7 17:30:00
周数: 7	星期: 2	下一节课: 10
没有需要提醒的课程


2017-11-7 18:30:00
周数: 7	星期: 2	下一节课: 11
96732	软件质量与测试
96501	微观经济学
96516	市场营销学
96503	微观经济学
95408	英语(ELC1)
96679	工程设计导论
95369	文学世界中的两性对话
96091	马克思主义基本原理
95837	汕大整合思维
95724	广告设计
96096	思想道德修养与法律基础（道德）


2017-11-7 19:30:00
周数: 7	星期: 2	下一节课: 12
没有需要提醒的课程


2017-11-7 20:30:00
周数: 7	星期: 2	下一节课: 13
没有需要提醒的课程


2017-11-7 21:30:00


2017-11-7 22:30:00


2017-11-7 23:30:00


2017-11-8 00:30:00


2017-11-8 01:30:00


2017-11-8 02:30:00


2017-11-8 03:30:00


2017-11-8 04:30:00


2017-11-8 05:30:00


2017-11-8 06:30:00


2017-11-8 07:30:00
周数: 7	星期: 3	下一节课: 1
96476	Japanese I
95050	微积分C-I
96933	工程地质
95052	微积分C-I
96343	物权法学
15yqdai	95049	微积分C-I
95051	微积分C-I
95455	英语(ELC2)
95505	英语(ELC4)
95468	英语(ELC3)
95296	有机化学（2）
96229	大学生心理健康


2017-11-8 08:30:00
周数: 7	星期: 3	下一节课: 2
没有需要提醒的课程


2017-11-8 09:30:00
周数: 7	星期: 3	下一节课: 3
96119	毛泽东思想和中国特色社会主义理论体系概论
95978	乒乓球（1）
96097	思想道德修养与法律基础（道德）
96359	票据法
15yqdai	95460	英语(ELC3)
95394	普通物理2B
95954	核心力量训练
96703	移动编程导论
95981	网球
96751	整合思维与问题解决
95053	高等微积分
96963	FPGA BASED SYSTEM DESIGN
15ymduan	96734	Android编程与嵌入式系统
15cthuang	96493	管理学概论


2017-11-8 10:30:00


2017-11-8 10:35:00


2017-11-8 12:30:00


2017-11-8 15:30:00
周数: 7	星期: 3	下一节课: 8
没有需要提醒的课程


2017-11-8 16:30:00
周数: 7	星期: 3	下一节课: 9
没有需要提醒的课程


2017-11-8 17:30:00
周数: 7	星期: 3	下一节课: 10
没有需要提醒的课程


2017-11-8 18:30:00
周数: 7	星期: 3	下一节课: 11
96335	刑事诉讼法学
96603	电工电子学
96663	管理学概论
96095	马克思主义基本原理
96269	篮球俱乐部（1）
96341	知识产权法学
15yqdai	97963	价值与当代社会
96119	毛泽东思想和中国特色社会主义理论体系概论
96098	思想道德修养与法律基础（道德）
96735	树莓及Arduino数字系统分析
15cthuang	

2017-11-8 19:30:00
周数: 7	星期: 3	下一节课: 12
没有需要提醒的课程


2017-11-8 20:30:00
周数: 7	星期: 3	下一节课: 13
没有需要提醒的课程


2017-11-8 21:30:00


2017-11-8 22:30:00


2017-11-8 23:30:00


2017-11-9 00:30:00


2017-11-9 01:30:00


2017-11-9 02:30:00


2017-11-9 03:30:00


2017-11-9 04:30:00


2017-11-9 05:30:00


2017-11-9 06:30:00


2017-11-9 07:30:00
周数: 7	星期: 4	下一节课: 1
95491	英语(ELC3)
95044	微积分B-I
96960	桥梁建筑的伦理与美学
95444	英语(ELC2)
95043	微积分B-I


2017-11-9 08:30:00
周数: 7	星期: 4	下一节课: 2
没有需要提醒的课程


2017-11-9 09:30:00
周数: 7	星期: 4	下一节课: 3
95414	英语(ELC1)
95988	羽毛球（1）
95500	英语(ELC4)
15yqdai	96419	工程材料
95462	英语(ELC3)
96597	数字信号处理
15ymduan	95449	英语(ELC2)
95297	分析化学
95058	概率论与数理统计（工科）
96731	应用密码学
96118	毛泽东思想和中国特色社会主义理论体系概论
96154	思想道德修养与法律基础（法律）
95407	英语(ELC1)
96089	马克思主义基本原理
96512	商业伦理学


2017-11-9 10:30:00
周数: 7	星期: 4	下一节课: 4
没有需要提醒的课程


2017-11-9 11:30:00
周数: 7	星期: 4	下一节课: 5
没有需要提醒的课程


2017-11-9 12:30:00


2017-11-9 13:30:00
周数: 7	星期: 4	下一节课: 6
95446	英语(ELC2)
95832	汕大整合思维
95960	游泳
15ymduan	96412	机械零件设计
96435	机械工程导论
95432	英语(ELC1)
95484	英语(ELC3)
95420	英语(ELC1)
96601	数字电路
95135	HOW TO BE A SUCCESSFUL JOURNALIST
96710	程序设计基础
96320	犯罪学
95290	基础化学实验III


2017-11-9 14:30:00
周数: 7	星期: 4	下一节课: 7
没有需要提醒的课程


2017-11-9 15:30:00
周数: 7	星期: 4	下一节课: 8
96330	商法学总论
96416	控制系统
95427	英语(ELC1)
96729	操作系统原理
15cthuang	95982	网球
96931	工程力学Ⅱ（材料力学）
95416	英语(ELC1)
17qhhuang	97279	迷笛电贝司理论与演奏排练一级
15ymduan	96497	微观经济学
96693	移动编程导论
96728	操作系统原理
97152	媒介与性别
96686	生物学导论
97012	文化数字遗产保护与管理（专注全球本土化潮汕）
95061	概率论与数理统计（经济、生物）


2017-11-9 16:30:00
周数: 7	星期: 4	下一节课: 9
没有需要提醒的课程


2017-11-9 18:30:00
周数: 7	星期: 4	下一节课: 11
96509	商业伦理学
96513	商业伦理学
96319	犯罪学
95983	网球
96093	马克思主义基本原理
96322	民事诉讼法学
95409	英语(ELC1)
